6/24/2019, 6:55:02 PM:
----------------------
JSX attributes must only be assigned a non-empty expression (/home/aamir/buswala/src/screens/UserChat/index.js:31:20)
  29 |             messages={this.state.messages}
  30 |             onSend={messages => this.onSend(messages)}
> 31 |             user = {} 
     |                    ^
  32 |           />
  33 |         </View>
  34 |       </KeyboardAvoidingView>

6/24/2019, 6:58:01 PM:
----------------------
JSX attributes must only be assigned a non-empty expression (/home/aamir/buswala/src/screens/UserChat/index.js:33:20)
  31 |             messages={this.state.messages}
  32 |             onSend={messages => this.onSend(messages)}
> 33 |             user = {} 
     |                    ^
  34 |           />
  35 |         </View>
  36 |       </KeyboardAvoidingView>

6/24/2019, 6:58:39 PM:
----------------------
JSX attributes must only be assigned a non-empty expression (/home/aamir/buswala/src/screens/UserChat/index.js:33:20)
  31 |             messages={this.props.userMsgs.messages}
  32 |             onSend={messages => this.onSend(messages)}
> 33 |             user = {} 
     |                    ^
  34 |           />
  35 |         </View>
  36 |       </KeyboardAvoidingView>

